Using pre-set license
Built from '2020.3/release' branch; Version is '2020.3.12f1 (b3b2c6512326) revision 11776710'; Using compiler version '192528614'; Build Type 'Release'
OS: 'Windows 10 Home; OS build 19043.1081; Version 2009; 64bit' Language: 'en' Physical Memory: 16317 MB
BatchMode: 1, IsHumanControllingUs: 0, StartBugReporterOnCrash: 0, Is64bit: 1, IsPro: 0

 COMMAND LINE ARGUMENTS:
C:\Program Files\Unity\Hub\Editor\2020.3.12f1\Editor\Unity.exe
-adb2
-batchMode
-noUpm
-name
AssetImportWorker0
-projectPath
C:/Users/kryto/Desktop/Unity Projects/Stress Popper
-logFile
Logs/AssetImportWorker0.log
-srvPort
62326
Successfully changed project path to: C:/Users/kryto/Desktop/Unity Projects/Stress Popper
C:/Users/kryto/Desktop/Unity Projects/Stress Popper
Using Asset Import Pipeline V2.
Refreshing native plugins compatible for Editor in 49.97 ms, found 0 plugins.
Preloading 0 native plugins for Editor in 0.00 ms.
Initialize engine version: 2020.3.12f1 (b3b2c6512326)
[Subsystems] Discovering subsystems at path C:/Program Files/Unity/Hub/Editor/2020.3.12f1/Editor/Data/Resources/UnitySubsystems
[Subsystems] Discovering subsystems at path C:/Users/kryto/Desktop/Unity Projects/Stress Popper/Assets
GfxDevice: creating device client; threaded=0
Direct3D:
    Version:  Direct3D 11.0 [level 11.1]
    Renderer: NVIDIA GeForce GTX 1660 SUPER (ID=0x21c4)
    Vendor:   
    VRAM:     5991 MB
    Driver:   30.0.14.7111
Initialize mono
Mono path[0] = 'C:/Program Files/Unity/Hub/Editor/2020.3.12f1/Editor/Data/Managed'
Mono path[1] = 'C:/Program Files/Unity/Hub/Editor/2020.3.12f1/Editor/Data/MonoBleedingEdge/lib/mono/unityjit'
Mono config path = 'C:/Program Files/Unity/Hub/Editor/2020.3.12f1/Editor/Data/MonoBleedingEdge/etc'
Using monoOptions --debugger-agent=transport=dt_socket,embedding=1,server=y,suspend=n,address=127.0.0.1:56304
Begin MonoManager ReloadAssembly
Registering precompiled unity dll's ...
Register platform support module: C:/Program Files/Unity/Hub/Editor/2020.3.12f1/Editor/Data/PlaybackEngines/WindowsStandaloneSupport/UnityEditor.WindowsStandalone.Extensions.dll
Registered in 0.002400 seconds.
Native extension for WindowsStandalone target not found
Refreshing native plugins compatible for Editor in 50.13 ms, found 0 plugins.
Preloading 0 native plugins for Editor in 0.00 ms.
Mono: successfully reloaded assembly
- Completed reload, in  1.205 seconds
Platform modules already initialized, skipping
Registering precompiled user dll's ...
Registered in 0.002728 seconds.
Begin MonoManager ReloadAssembly
Native extension for WindowsStandalone target not found
Refreshing native plugins compatible for Editor in 49.34 ms, found 0 plugins.
Preloading 0 native plugins for Editor in 0.00 ms.
Mono: successfully reloaded assembly
- Completed reload, in  1.066 seconds
Platform modules already initialized, skipping
========================================================================
Worker process is ready to serve import requests
Shader 'Universal Render Pipeline/Particles/Lit': fallback shader 'Universal Render Pipeline/Particles/SimpleLit' not found
Shader 'Universal Render Pipeline/Particles/Lit': fallback shader 'Universal Render Pipeline/Particles/SimpleLit' not found
Launched and connected shader compiler UnityShaderCompiler.exe after 0.05 seconds
Refreshing native plugins compatible for Editor in 0.53 ms, found 0 plugins.
Preloading 0 native plugins for Editor in 0.00 ms.
Unloading 2570 Unused Serialized files (Serialized files now loaded: 0)
System memory in use before: 121.0 MB.
System memory in use after: 118.3 MB.

Unloading 46 unused Assets to reduce memory usage. Loaded Objects now: 2986.
Total: 3.693300 ms (FindLiveObjects: 0.296300 ms CreateObjectMapping: 0.066400 ms MarkObjects: 1.884300 ms  DeleteObjects: 1.444700 ms)

AssetImportParameters requested are different than current active one (requested -> active):
  custom:framework-win-MediaFoundation: 216162199b28c13a410421893ffa2e32 -> 
  custom:video-decoder-ogg-theora: a1e56fd34408186e4bbccfd4996cb3dc -> 
  custom:container-muxer-webm: aa71ff27fc2769a1b78a27578f13a17b -> 
  custom:container-demuxer-webm: 4f35f7cbe854078d1ac9338744f61a02 -> 
  custom:container-demuxer-ogg: 62fdf1f143b41e24485cea50d1cbac27 -> 
  custom:video-encoder-webm-vp8: eb34c28f22e8b96e1ab97ce403110664 -> 
  custom:video-decoder-webm-vp8: 9c59270c3fd7afecdb556c50c9e8de78 -> 
  custom:audio-decoder-ogg-vorbis: bf7c407c2cedff20999df2af8eb42d56 -> 
  custom:audio-encoder-webm-vorbis: bf7c407c2cedff20999df2af8eb42d56 -> 
========================================================================
Received Import Request.
  path: Assets/Settings/URP.asset
  artifactKey: Guid(19ba41d7c0026c3459d37c2fe90c55a0) Importer(815301076,1909f56bfc062723c751e8b465ee728b)
Start importing Assets/Settings/URP.asset using Guid(19ba41d7c0026c3459d37c2fe90c55a0) Importer(815301076,1909f56bfc062723c751e8b465ee728b)  -> (artifact id: 'dcb968e303dabc7427c29837d266f4b2') in 0.038305 seconds 
  Import took 0.042344 seconds .

========================================================================
Received Import Request.
  Time since last request: 21.956653 seconds.
  path: Assets/Scenes/Shader Testing 1
  artifactKey: Guid(06a432b683e10ac4485b95ec9dc7cce4) Importer(815301076,1909f56bfc062723c751e8b465ee728b)
Start importing Assets/Scenes/Shader Testing 1 using Guid(06a432b683e10ac4485b95ec9dc7cce4) Importer(815301076,1909f56bfc062723c751e8b465ee728b)  -> (artifact id: 'ee1b80684b8ecf137fdf1f558fb68d64') in 0.007247 seconds 
  Import took 0.011158 seconds .

========================================================================
Received Import Request.
  Time since last request: 10.696831 seconds.
  path: Assets/Scenes/Code Testing
  artifactKey: Guid(06a432b683e10ac4485b95ec9dc7cce4) Importer(815301076,1909f56bfc062723c751e8b465ee728b)
Start importing Assets/Scenes/Code Testing using Guid(06a432b683e10ac4485b95ec9dc7cce4) Importer(815301076,1909f56bfc062723c751e8b465ee728b)  -> (artifact id: 'aec491f6421db04000989dd2237905a7') in 0.008872 seconds 
  Import took 0.013149 seconds .

========================================================================
Received Import Request.
  Time since last request: 1.618514 seconds.
  path: Assets/Scenes/Code Testing/Shader Testing.unity
  artifactKey: Guid(9501622f6501e904d94c14a1f1b7bfd5) Importer(815301076,1909f56bfc062723c751e8b465ee728b)
Start importing Assets/Scenes/Code Testing/Shader Testing.unity using Guid(9501622f6501e904d94c14a1f1b7bfd5) Importer(815301076,1909f56bfc062723c751e8b465ee728b)  -> (artifact id: 'fa87e10a7def715c59275d19618abce3') in 0.007382 seconds 
  Import took 0.011522 seconds .

========================================================================
Received Import Request.
  Time since last request: 8.713242 seconds.
  path: Assets/Scenes/Code Testing/Code Testing.unity
  artifactKey: Guid(9501622f6501e904d94c14a1f1b7bfd5) Importer(815301076,1909f56bfc062723c751e8b465ee728b)
Start importing Assets/Scenes/Code Testing/Code Testing.unity using Guid(9501622f6501e904d94c14a1f1b7bfd5) Importer(815301076,1909f56bfc062723c751e8b465ee728b)  -> (artifact id: '78e93ea6283c35f579edaf4828cb1122') in 0.007928 seconds 
  Import took 0.012559 seconds .

========================================================================
Received Import Request.
  Time since last request: 0.641609 seconds.
  path: Assets/Scenes/Code Testing/Shader Testing
  artifactKey: Guid(0557d51db7d284e4781c95e120e7e54c) Importer(815301076,1909f56bfc062723c751e8b465ee728b)
Start importing Assets/Scenes/Code Testing/Shader Testing using Guid(0557d51db7d284e4781c95e120e7e54c) Importer(815301076,1909f56bfc062723c751e8b465ee728b)  -> (artifact id: 'f2808be647ed179d21f4cd67d16cb22e') in 0.007294 seconds 
  Import took 0.011172 seconds .

========================================================================
Received Import Request.
  Time since last request: 26.403819 seconds.
  path: Assets/Prefabs
  artifactKey: Guid(b04f6fc39f3c98e42ab04973b0dd502e) Importer(815301076,1909f56bfc062723c751e8b465ee728b)
Start importing Assets/Prefabs using Guid(b04f6fc39f3c98e42ab04973b0dd502e) Importer(815301076,1909f56bfc062723c751e8b465ee728b)  -> (artifact id: '54325c7a2622f1c6fa785eaa64da1be8') in 0.007361 seconds 
  Import took 0.011255 seconds .

========================================================================
Received Import Request.
  Time since last request: 2.883396 seconds.
  path: Assets/Prefabs/Bubble.prefab
  artifactKey: Guid(b3597cf310777bd4d824df01ecd17125) Importer(815301076,1909f56bfc062723c751e8b465ee728b)
Start importing Assets/Prefabs/Bubble.prefab using Guid(b3597cf310777bd4d824df01ecd17125) Importer(815301076,1909f56bfc062723c751e8b465ee728b)  -> (artifact id: '220ceeab28f23453e99938b4e50a74e0') in 0.208577 seconds 
  Import took 0.212956 seconds .

========================================================================
Received Import Request.
  Time since last request: 85.942359 seconds.
  path: Assets/Scripts/IPoppable.cs
  artifactKey: Guid(71225a566de6346488339323528f10f2) Importer(815301076,1909f56bfc062723c751e8b465ee728b)
Start importing Assets/Scripts/IPoppable.cs using Guid(71225a566de6346488339323528f10f2) Importer(815301076,1909f56bfc062723c751e8b465ee728b)  -> (artifact id: '720dd622b38793c5405c2fc74ea0d576') in 0.013936 seconds 
  Import took 0.019007 seconds .

========================================================================
Received Import Request.
  Time since last request: 0.004558 seconds.
  path: Assets/Scripts/IPoppable.cs
  artifactKey: Guid(71225a566de6346488339323528f10f2) Importer(815301076,1909f56bfc062723c751e8b465ee728b)
Start importing Assets/Scripts/IPoppable.cs using Guid(71225a566de6346488339323528f10f2) Importer(815301076,1909f56bfc062723c751e8b465ee728b)  -> (artifact id: '720dd622b38793c5405c2fc74ea0d576') in 0.002939 seconds 
  Import took 0.007086 seconds .

========================================================================
Received Prepare
Registering precompiled user dll's ...
Registered in 0.002584 seconds.
Begin MonoManager ReloadAssembly
Native extension for WindowsStandalone target not found
Refreshing native plugins compatible for Editor in 0.45 ms, found 0 plugins.
Preloading 0 native plugins for Editor in 0.00 ms.
Mono: successfully reloaded assembly
- Completed reload, in  1.034 seconds
Platform modules already initialized, skipping
Shader 'Universal Render Pipeline/Particles/Lit': fallback shader 'Universal Render Pipeline/Particles/SimpleLit' not found
Shader 'Universal Render Pipeline/Particles/Lit': fallback shader 'Universal Render Pipeline/Particles/SimpleLit' not found
Refreshing native plugins compatible for Editor in 0.48 ms, found 0 plugins.
Preloading 0 native plugins for Editor in 0.00 ms.
Unloading 2495 Unused Serialized files (Serialized files now loaded: 0)
System memory in use before: 122.7 MB.
System memory in use after: 120.0 MB.

Unloading 40 unused Assets to reduce memory usage. Loaded Objects now: 3037.
Total: 3.888100 ms (FindLiveObjects: 0.294900 ms CreateObjectMapping: 0.066500 ms MarkObjects: 2.027100 ms  DeleteObjects: 1.497700 ms)

AssetImportParameters requested are different than current active one (requested -> active):
  custom:framework-win-MediaFoundation: 216162199b28c13a410421893ffa2e32 -> 
  custom:video-decoder-ogg-theora: a1e56fd34408186e4bbccfd4996cb3dc -> 
  custom:container-muxer-webm: aa71ff27fc2769a1b78a27578f13a17b -> 
  custom:container-demuxer-webm: 4f35f7cbe854078d1ac9338744f61a02 -> 
  custom:container-demuxer-ogg: 62fdf1f143b41e24485cea50d1cbac27 -> 
  custom:video-encoder-webm-vp8: eb34c28f22e8b96e1ab97ce403110664 -> 
  custom:video-decoder-webm-vp8: 9c59270c3fd7afecdb556c50c9e8de78 -> 
  custom:audio-decoder-ogg-vorbis: bf7c407c2cedff20999df2af8eb42d56 -> 
  custom:audio-encoder-webm-vorbis: bf7c407c2cedff20999df2af8eb42d56 -> 
========================================================================
Received Prepare
Registering precompiled user dll's ...
Registered in 0.003483 seconds.
Begin MonoManager ReloadAssembly
Native extension for WindowsStandalone target not found
Refreshing native plugins compatible for Editor in 0.47 ms, found 0 plugins.
Preloading 0 native plugins for Editor in 0.00 ms.
Mono: successfully reloaded assembly
- Completed reload, in  1.008 seconds
Platform modules already initialized, skipping
Shader 'Universal Render Pipeline/Particles/Lit': fallback shader 'Universal Render Pipeline/Particles/SimpleLit' not found
Shader 'Universal Render Pipeline/Particles/Lit': fallback shader 'Universal Render Pipeline/Particles/SimpleLit' not found
Refreshing native plugins compatible for Editor in 0.48 ms, found 0 plugins.
Preloading 0 native plugins for Editor in 0.00 ms.
Unloading 2494 Unused Serialized files (Serialized files now loaded: 0)
System memory in use before: 122.7 MB.
System memory in use after: 120.0 MB.

Unloading 40 unused Assets to reduce memory usage. Loaded Objects now: 3040.
Total: 4.150800 ms (FindLiveObjects: 0.339500 ms CreateObjectMapping: 0.077500 ms MarkObjects: 2.185500 ms  DeleteObjects: 1.546900 ms)

AssetImportParameters requested are different than current active one (requested -> active):
  custom:framework-win-MediaFoundation: 216162199b28c13a410421893ffa2e32 -> 
  custom:video-decoder-ogg-theora: a1e56fd34408186e4bbccfd4996cb3dc -> 
  custom:container-muxer-webm: aa71ff27fc2769a1b78a27578f13a17b -> 
  custom:container-demuxer-webm: 4f35f7cbe854078d1ac9338744f61a02 -> 
  custom:container-demuxer-ogg: 62fdf1f143b41e24485cea50d1cbac27 -> 
  custom:video-encoder-webm-vp8: eb34c28f22e8b96e1ab97ce403110664 -> 
  custom:video-decoder-webm-vp8: 9c59270c3fd7afecdb556c50c9e8de78 -> 
  custom:audio-decoder-ogg-vorbis: bf7c407c2cedff20999df2af8eb42d56 -> 
  custom:audio-encoder-webm-vorbis: bf7c407c2cedff20999df2af8eb42d56 -> 
========================================================================
Received Import Request.
  Time since last request: 58.890594 seconds.
  path: Assets/Scripts/IPoppable.cs
  artifactKey: Guid(71225a566de6346488339323528f10f2) Importer(815301076,1909f56bfc062723c751e8b465ee728b)
Start importing Assets/Scripts/IPoppable.cs using Guid(71225a566de6346488339323528f10f2) Importer(815301076,1909f56bfc062723c751e8b465ee728b)  -> (artifact id: '3c1e6924018f1a6fa492c27aee61b5ab') in 0.006250 seconds 
  Import took 0.010199 seconds .

========================================================================
Received Import Request.
  Time since last request: 3.400686 seconds.
  path: Assets/Scripts/Bubble.cs
  artifactKey: Guid(aa044dc0bfc635845949591b3e762913) Importer(815301076,1909f56bfc062723c751e8b465ee728b)
Start importing Assets/Scripts/Bubble.cs using Guid(aa044dc0bfc635845949591b3e762913) Importer(815301076,1909f56bfc062723c751e8b465ee728b)  -> (artifact id: '588a8e8723ac580a19a76e02c9fe8f83') in 0.003023 seconds 
  Import took 0.007209 seconds .

========================================================================
Received Prepare
Registering precompiled user dll's ...
Registered in 0.002622 seconds.
Begin MonoManager ReloadAssembly
Native extension for WindowsStandalone target not found
Refreshing native plugins compatible for Editor in 0.45 ms, found 0 plugins.
Preloading 0 native plugins for Editor in 0.00 ms.
Mono: successfully reloaded assembly
- Completed reload, in  0.994 seconds
Platform modules already initialized, skipping
Shader 'Universal Render Pipeline/Particles/Lit': fallback shader 'Universal Render Pipeline/Particles/SimpleLit' not found
Shader 'Universal Render Pipeline/Particles/Lit': fallback shader 'Universal Render Pipeline/Particles/SimpleLit' not found
Refreshing native plugins compatible for Editor in 0.50 ms, found 0 plugins.
Preloading 0 native plugins for Editor in 0.00 ms.
Unloading 2495 Unused Serialized files (Serialized files now loaded: 0)
System memory in use before: 122.8 MB.
System memory in use after: 120.1 MB.

Unloading 40 unused Assets to reduce memory usage. Loaded Objects now: 3044.
Total: 3.876500 ms (FindLiveObjects: 0.268400 ms CreateObjectMapping: 0.066500 ms MarkObjects: 1.955400 ms  DeleteObjects: 1.584800 ms)

AssetImportParameters requested are different than current active one (requested -> active):
  custom:framework-win-MediaFoundation: 216162199b28c13a410421893ffa2e32 -> 
  custom:video-decoder-ogg-theora: a1e56fd34408186e4bbccfd4996cb3dc -> 
  custom:container-muxer-webm: aa71ff27fc2769a1b78a27578f13a17b -> 
  custom:container-demuxer-webm: 4f35f7cbe854078d1ac9338744f61a02 -> 
  custom:container-demuxer-ogg: 62fdf1f143b41e24485cea50d1cbac27 -> 
  custom:video-encoder-webm-vp8: eb34c28f22e8b96e1ab97ce403110664 -> 
  custom:video-decoder-webm-vp8: 9c59270c3fd7afecdb556c50c9e8de78 -> 
  custom:audio-decoder-ogg-vorbis: bf7c407c2cedff20999df2af8eb42d56 -> 
  custom:audio-encoder-webm-vorbis: bf7c407c2cedff20999df2af8eb42d56 -> 
========================================================================
Received Prepare
Registering precompiled user dll's ...
Registered in 0.004236 seconds.
Begin MonoManager ReloadAssembly
Native extension for WindowsStandalone target not found
Refreshing native plugins compatible for Editor in 0.51 ms, found 0 plugins.
Preloading 0 native plugins for Editor in 0.00 ms.
Mono: successfully reloaded assembly
- Completed reload, in  0.989 seconds
Platform modules already initialized, skipping
Shader 'Universal Render Pipeline/Particles/Lit': fallback shader 'Universal Render Pipeline/Particles/SimpleLit' not found
Shader 'Universal Render Pipeline/Particles/Lit': fallback shader 'Universal Render Pipeline/Particles/SimpleLit' not found
Refreshing native plugins compatible for Editor in 0.46 ms, found 0 plugins.
Preloading 0 native plugins for Editor in 0.00 ms.
Unloading 2495 Unused Serialized files (Serialized files now loaded: 0)
System memory in use before: 122.7 MB.
System memory in use after: 120.1 MB.

Unloading 40 unused Assets to reduce memory usage. Loaded Objects now: 3047.
Total: 3.811200 ms (FindLiveObjects: 0.260700 ms CreateObjectMapping: 0.067700 ms MarkObjects: 1.892300 ms  DeleteObjects: 1.589300 ms)

AssetImportParameters requested are different than current active one (requested -> active):
  custom:framework-win-MediaFoundation: 216162199b28c13a410421893ffa2e32 -> 
  custom:video-decoder-ogg-theora: a1e56fd34408186e4bbccfd4996cb3dc -> 
  custom:container-muxer-webm: aa71ff27fc2769a1b78a27578f13a17b -> 
  custom:container-demuxer-webm: 4f35f7cbe854078d1ac9338744f61a02 -> 
  custom:container-demuxer-ogg: 62fdf1f143b41e24485cea50d1cbac27 -> 
  custom:video-encoder-webm-vp8: eb34c28f22e8b96e1ab97ce403110664 -> 
  custom:video-decoder-webm-vp8: 9c59270c3fd7afecdb556c50c9e8de78 -> 
  custom:audio-decoder-ogg-vorbis: bf7c407c2cedff20999df2af8eb42d56 -> 
  custom:audio-encoder-webm-vorbis: bf7c407c2cedff20999df2af8eb42d56 -> 
========================================================================
Received Import Request.
  Time since last request: 119.172548 seconds.
  path: Assets/Scripts/Bubble.cs
  artifactKey: Guid(aa044dc0bfc635845949591b3e762913) Importer(815301076,1909f56bfc062723c751e8b465ee728b)
Start importing Assets/Scripts/Bubble.cs using Guid(aa044dc0bfc635845949591b3e762913) Importer(815301076,1909f56bfc062723c751e8b465ee728b)  -> (artifact id: '0d823ce0bf77ba17adb4805b2dbf8f15') in 0.006054 seconds 
  Import took 0.010373 seconds .

========================================================================
Received Prepare
Registering precompiled user dll's ...
Registered in 0.002671 seconds.
Begin MonoManager ReloadAssembly
Native extension for WindowsStandalone target not found
Refreshing native plugins compatible for Editor in 0.50 ms, found 0 plugins.
Preloading 0 native plugins for Editor in 0.00 ms.
Mono: successfully reloaded assembly
- Completed reload, in  1.047 seconds
Platform modules already initialized, skipping
Shader 'Universal Render Pipeline/Particles/Lit': fallback shader 'Universal Render Pipeline/Particles/SimpleLit' not found
Shader 'Universal Render Pipeline/Particles/Lit': fallback shader 'Universal Render Pipeline/Particles/SimpleLit' not found
Refreshing native plugins compatible for Editor in 0.65 ms, found 0 plugins.
Preloading 0 native plugins for Editor in 0.00 ms.
Unloading 2495 Unused Serialized files (Serialized files now loaded: 0)
System memory in use before: 122.7 MB.
System memory in use after: 120.0 MB.

Unloading 40 unused Assets to reduce memory usage. Loaded Objects now: 3050.
Total: 4.040900 ms (FindLiveObjects: 0.302300 ms CreateObjectMapping: 0.065900 ms MarkObjects: 2.009000 ms  DeleteObjects: 1.661500 ms)

AssetImportParameters requested are different than current active one (requested -> active):
  custom:framework-win-MediaFoundation: 216162199b28c13a410421893ffa2e32 -> 
  custom:video-decoder-ogg-theora: a1e56fd34408186e4bbccfd4996cb3dc -> 
  custom:container-muxer-webm: aa71ff27fc2769a1b78a27578f13a17b -> 
  custom:container-demuxer-webm: 4f35f7cbe854078d1ac9338744f61a02 -> 
  custom:container-demuxer-ogg: 62fdf1f143b41e24485cea50d1cbac27 -> 
  custom:video-encoder-webm-vp8: eb34c28f22e8b96e1ab97ce403110664 -> 
  custom:video-decoder-webm-vp8: 9c59270c3fd7afecdb556c50c9e8de78 -> 
  custom:audio-decoder-ogg-vorbis: bf7c407c2cedff20999df2af8eb42d56 -> 
  custom:audio-encoder-webm-vorbis: bf7c407c2cedff20999df2af8eb42d56 -> 
